(node:22530) ExperimentalWarning: stream/web is an experimental feature. This feature could change at any time
(Use `node --trace-warnings ...` to show where the warning was created)
Started HTTP and WebSocket JSON-RPC server at http://127.0.0.1:8545/

Accounts
========
Account #0: 0x9e2A5304aEE86cd316d1A355570431b2c67782DC (100000 ETH)

eth_blockNumber
net_version
eth_accounts
eth_call
  Contract call: <UnrecognizedContract>
  From:          0x9e2a5304aee86cd316d1a355570431b2c67782dc
  To:            0xb1f8e55c7f64d203c1400b9d8555d050f94adf39

eth_getBlockByNumber
eth_chainId
eth_chainId (2)
eth_chainId (3)
eth_chainId (4)
eth_blockNumber
eth_chainId
eth_call

  Unable to complete request at this time.

eth_blockNumber
eth_blockNumber (2)
net_version
eth_blockNumber
net_version
eth_blockNumber
net_version
eth_blockNumber
net_version
eth_blockNumber
net_version
eth_blockNumber
net_version
eth_blockNumber
net_version
eth_blockNumber
net_version
eth_blockNumber
eth_blockNumber (2)
net_version
eth_blockNumber
net_version
net_version (2)
net_version (3)
eth_blockNumber
net_version
eth_blockNumber
eth_blockNumber (2)
eth_blockNumber (3)
net_version
eth_blockNumber
net_version
net_version (2)
net_version (3)
eth_blockNumber
net_version
eth_blockNumber
eth_blockNumber (2)
eth_blockNumber (3)
eth_blockNumber (4)
eth_call
  Contract call: <UnrecognizedContract>
  From:          0x9e2a5304aee86cd316d1a355570431b2c67782dc
  To:            0xb1f8e55c7f64d203c1400b9d8555d050f94adf39

eth_call
  Contract call: <UnrecognizedContract>
  From:          0x9e2a5304aee86cd316d1a355570431b2c67782dc
  To:            0xb1f8e55c7f64d203c1400b9d8555d050f94adf39

eth_call
  Contract call: <UnrecognizedContract>
  From:          0x9e2a5304aee86cd316d1a355570431b2c67782dc
  To:            0xb1f8e55c7f64d203c1400b9d8555d050f94adf39

eth_call
  Contract call: <UnrecognizedContract>
  From:          0x9e2a5304aee86cd316d1a355570431b2c67782dc
  To:            0xb1f8e55c7f64d203c1400b9d8555d050f94adf39

eth_call
  Contract call: <UnrecognizedContract>
  From:          0x9e2a5304aee86cd316d1a355570431b2c67782dc
  To:            0xb1f8e55c7f64d203c1400b9d8555d050f94adf39

eth_call
  Contract call: <UnrecognizedContract>
  From:          0x9e2a5304aee86cd316d1a355570431b2c67782dc
  To:            0xb1f8e55c7f64d203c1400b9d8555d050f94adf39

eth_call
  Contract call: <UnrecognizedContract>
  From:          0x9e2a5304aee86cd316d1a355570431b2c67782dc
  To:            0xb1f8e55c7f64d203c1400b9d8555d050f94adf39

eth_call
  Contract call: <UnrecognizedContract>
  From:          0x9e2a5304aee86cd316d1a355570431b2c67782dc
  To:            0xb1f8e55c7f64d203c1400b9d8555d050f94adf39

eth_call
  Contract call: <UnrecognizedContract>
  From:          0x9e2a5304aee86cd316d1a355570431b2c67782dc
  To:            0xb1f8e55c7f64d203c1400b9d8555d050f94adf39

eth_call
  Contract call: <UnrecognizedContract>
  From:          0x9e2a5304aee86cd316d1a355570431b2c67782dc
  To:            0xb1f8e55c7f64d203c1400b9d8555d050f94adf39

eth_call
  Contract call: <UnrecognizedContract>
  From:          0x9e2a5304aee86cd316d1a355570431b2c67782dc
  To:            0xb1f8e55c7f64d203c1400b9d8555d050f94adf39

eth_call
  Contract call: <UnrecognizedContract>
  From:          0x9e2a5304aee86cd316d1a355570431b2c67782dc
  To:            0xb1f8e55c7f64d203c1400b9d8555d050f94adf39

eth_call
  Contract call: <UnrecognizedContract>
  From:          0x9e2a5304aee86cd316d1a355570431b2c67782dc
  To:            0xb1f8e55c7f64d203c1400b9d8555d050f94adf39

eth_call
  Contract call: <UnrecognizedContract>
  From:          0x9e2a5304aee86cd316d1a355570431b2c67782dc
  To:            0xb1f8e55c7f64d203c1400b9d8555d050f94adf39

eth_call
  Contract call: <UnrecognizedContract>
  From:          0x9e2a5304aee86cd316d1a355570431b2c67782dc
  To:            0xb1f8e55c7f64d203c1400b9d8555d050f94adf39

eth_call
  Contract call: <UnrecognizedContract>
  From:          0x9e2a5304aee86cd316d1a355570431b2c67782dc
  To:            0xb1f8e55c7f64d203c1400b9d8555d050f94adf39

eth_call
  Contract call: <UnrecognizedContract>
  From:          0x9e2a5304aee86cd316d1a355570431b2c67782dc
  To:            0xb1f8e55c7f64d203c1400b9d8555d050f94adf39

eth_getBlockByNumber
eth_call
  Contract call: <UnrecognizedContract>
  From:          0x9e2a5304aee86cd316d1a355570431b2c67782dc
  To:            0xb1f8e55c7f64d203c1400b9d8555d050f94adf39

eth_getBalance
eth_getBalance (2)
eth_getBalance (3)
eth_getBalance (4)
eth_getBalance (5)
eth_getBalance (6)
eth_getBalance (7)
eth_getBalance (8)
eth_getBalance (9)
eth_getBalance (10)
eth_getBalance (11)
eth_getBalance (12)
eth_getBalance (13)
eth_getBalance (14)
eth_getBalance (15)
eth_getBalance (16)
eth_getBalance (17)
eth_getBalance (18)
eth_getBalance (19)
eth_getBalance (20)
eth_getBalance (21)
eth_getBalance (22)
eth_blockNumber
eth_blockNumber (2)
eth_blockNumber (3)
eth_blockNumber (4)
eth_blockNumber (5)
eth_blockNumber (6)
eth_blockNumber (7)
eth_blockNumber (8)
eth_blockNumber (9)
eth_blockNumber (10)
eth_blockNumber (11)
eth_blockNumber (12)
eth_blockNumber (13)
eth_blockNumber (14)
eth_blockNumber (15)
eth_blockNumber (16)
eth_blockNumber (17)
eth_blockNumber (18)
eth_blockNumber (19)
eth_blockNumber (20)
eth_blockNumber (21)
eth_blockNumber (22)
eth_blockNumber (23)
eth_blockNumber (24)
eth_blockNumber (25)
eth_blockNumber (26)
eth_blockNumber (27)
eth_blockNumber (28)
eth_blockNumber (29)
eth_blockNumber (30)
eth_blockNumber (31)
eth_blockNumber (32)
eth_blockNumber (33)
eth_blockNumber (34)
eth_blockNumber (35)
eth_blockNumber (36)
eth_blockNumber (37)
eth_blockNumber (38)
eth_blockNumber (39)
eth_blockNumber (40)
eth_blockNumber (41)
eth_blockNumber (42)
eth_blockNumber (43)
eth_blockNumber (44)
eth_blockNumber (45)
eth_blockNumber (46)
eth_blockNumber (47)
eth_blockNumber (48)
eth_blockNumber (49)
eth_blockNumber (50)
eth_blockNumber (51)
eth_blockNumber (52)
eth_blockNumber (53)
eth_blockNumber (54)
eth_blockNumber (55)
eth_blockNumber (56)
eth_blockNumber (57)
eth_blockNumber (58)
eth_blockNumber (59)
eth_blockNumber (60)
eth_blockNumber (61)
eth_blockNumber (62)
eth_blockNumber (63)
eth_blockNumber (64)
eth_blockNumber (65)
eth_blockNumber (66)
eth_blockNumber (67)
eth_blockNumber (68)
eth_blockNumber (69)
eth_blockNumber (70)
eth_blockNumber (71)
eth_blockNumber (72)
eth_blockNumber (73)
eth_blockNumber (74)
eth_blockNumber (75)
eth_blockNumber (76)
eth_blockNumber (77)
eth_blockNumber (78)
eth_blockNumber (79)
eth_blockNumber (80)
eth_blockNumber (81)
net_version
eth_blockNumber
eth_blockNumber (2)
eth_blockNumber (3)
eth_blockNumber (4)
eth_blockNumber (5)
eth_blockNumber (6)
eth_blockNumber (7)
eth_blockNumber (8)
eth_blockNumber (9)
eth_blockNumber (10)
eth_blockNumber (11)
eth_blockNumber (12)
eth_blockNumber (13)
eth_blockNumber (14)
eth_blockNumber (15)
eth_blockNumber (16)
eth_blockNumber (17)
eth_blockNumber (18)
eth_blockNumber (19)
eth_blockNumber (20)
eth_blockNumber (21)
eth_blockNumber (22)
eth_blockNumber (23)
eth_blockNumber (24)
eth_blockNumber (25)
eth_blockNumber (26)
eth_blockNumber (27)
eth_blockNumber (28)
eth_blockNumber (29)
eth_blockNumber (30)
eth_blockNumber (31)
eth_blockNumber (32)
eth_blockNumber (33)
eth_blockNumber (34)
eth_blockNumber (35)
eth_blockNumber (36)
eth_blockNumber (37)
eth_blockNumber (38)
eth_blockNumber (39)
eth_blockNumber (40)
eth_blockNumber (41)
eth_blockNumber (42)
eth_blockNumber (43)
eth_blockNumber (44)
eth_blockNumber (45)
eth_blockNumber (46)
eth_blockNumber (47)
eth_blockNumber (48)
eth_blockNumber (49)
eth_blockNumber (50)
eth_blockNumber (51)
eth_blockNumber (52)
eth_blockNumber (53)
eth_blockNumber (54)
eth_blockNumber (55)
eth_blockNumber (56)
eth_blockNumber (57)
eth_blockNumber (58)
eth_blockNumber (59)
eth_blockNumber (60)
eth_blockNumber (61)
eth_blockNumber (62)
eth_blockNumber (63)
eth_call
  Contract call: <UnrecognizedContract>
  From:          0x9e2a5304aee86cd316d1a355570431b2c67782dc
  To:            0xb1f8e55c7f64d203c1400b9d8555d050f94adf39

eth_call
  Contract call: <UnrecognizedContract>
  From:          0x9e2a5304aee86cd316d1a355570431b2c67782dc
  To:            0xb1f8e55c7f64d203c1400b9d8555d050f94adf39

